<?xml version="1.0" encoding="UTF-8"?>
<!-- Generated by org.testng.reporters.JUnitReportReporter -->
<testsuite hostname="JohnWB" failures="0" tests="1" name="Build1.Test1" time="0.015" errors="0" timestamp="2023-04-20T21:27:14 IST" skipped="0">
  <testcase classname="Build1.Test1" name="newT" time="0.015"/>
  <system-out/>
</testsuite> <!-- Build1.Test1 -->
